c:\users\gabri\desktop\code\git\isoengine\isoengine\x64\debug\vc143.pdb
c:\users\gabri\desktop\code\git\isoengine\isoengine\x64\debug\vc143.idb
c:\users\gabri\desktop\code\git\isoengine\isoengine\x64\debug\window.obj
c:\users\gabri\desktop\code\git\isoengine\isoengine\x64\debug\util_path.obj
c:\users\gabri\desktop\code\git\isoengine\isoengine\x64\debug\targetcamera.obj
c:\users\gabri\desktop\code\git\isoengine\isoengine\x64\debug\shader.obj
c:\users\gabri\desktop\code\git\isoengine\isoengine\x64\debug\scene.obj
c:\users\gabri\desktop\code\git\isoengine\isoengine\x64\debug\resourcemanager.obj
c:\users\gabri\desktop\code\git\isoengine\isoengine\x64\debug\renderer.obj
c:\users\gabri\desktop\code\git\isoengine\isoengine\x64\debug\main.obj
c:\users\gabri\desktop\code\git\isoengine\isoengine\x64\debug\gltfloader.obj
c:\users\gabri\desktop\code\git\isoengine\isoengine\x64\debug\fpscamera.obj
c:\users\gabri\desktop\code\git\isoengine\isoengine\x64\debug\tiny_gltf.obj
c:\users\gabri\desktop\code\git\isoengine\isoengine\x64\debug\imgui_widgets.obj
c:\users\gabri\desktop\code\git\isoengine\isoengine\x64\debug\imgui_tables.obj
c:\users\gabri\desktop\code\git\isoengine\isoengine\x64\debug\imgui_impl_sdl3.obj
c:\users\gabri\desktop\code\git\isoengine\isoengine\x64\debug\imgui_impl_opengl3.obj
c:\users\gabri\desktop\code\git\isoengine\isoengine\x64\debug\imgui_draw.obj
c:\users\gabri\desktop\code\git\isoengine\isoengine\x64\debug\imgui_demo.obj
c:\users\gabri\desktop\code\git\isoengine\isoengine\x64\debug\imgui.obj
c:\users\gabri\desktop\code\git\isoengine\isoengine\x64\debug\editorgui.obj
c:\users\gabri\desktop\code\git\isoengine\isoengine\x64\debug\glad.obj
c:\users\gabri\desktop\code\git\isoengine\isoengine\x64\debug\isoengine.ilk
c:\users\gabri\desktop\code\git\isoengine\x64\debug\isoengine.pdb
c:\users\gabri\desktop\code\git\isoengine\isoengine\x64\debug\isoengine.tlog\cl.command.1.tlog
c:\users\gabri\desktop\code\git\isoengine\isoengine\x64\debug\isoengine.tlog\cl.items.tlog
c:\users\gabri\desktop\code\git\isoengine\isoengine\x64\debug\isoengine.tlog\cl.read.1.tlog
c:\users\gabri\desktop\code\git\isoengine\isoengine\x64\debug\isoengine.tlog\cl.write.1.tlog
c:\users\gabri\desktop\code\git\isoengine\isoengine\x64\debug\isoengine.tlog\link.16216-cvtres.read.1.tlog
c:\users\gabri\desktop\code\git\isoengine\isoengine\x64\debug\isoengine.tlog\link.16216-cvtres.write.1.tlog
c:\users\gabri\desktop\code\git\isoengine\isoengine\x64\debug\isoengine.tlog\link.16216-rc.read.1.tlog
c:\users\gabri\desktop\code\git\isoengine\isoengine\x64\debug\isoengine.tlog\link.16216-rc.write.1.tlog
c:\users\gabri\desktop\code\git\isoengine\isoengine\x64\debug\isoengine.tlog\link.16216.read.1.tlog
c:\users\gabri\desktop\code\git\isoengine\isoengine\x64\debug\isoengine.tlog\link.16216.read.2.tlog
c:\users\gabri\desktop\code\git\isoengine\isoengine\x64\debug\isoengine.tlog\link.16216.write.1.tlog
c:\users\gabri\desktop\code\git\isoengine\isoengine\x64\debug\isoengine.tlog\link.command.1.tlog
c:\users\gabri\desktop\code\git\isoengine\isoengine\x64\debug\isoengine.tlog\link.read.1.tlog
c:\users\gabri\desktop\code\git\isoengine\isoengine\x64\debug\isoengine.tlog\link.secondary.1.tlog
c:\users\gabri\desktop\code\git\isoengine\isoengine\x64\debug\isoengine.tlog\link.write.1.tlog
